<?xml version="1.0" encoding="UTF-8"?>
<testsuites name="GutTests" failures="2" tests="141" >
  <testsuite name="tests/unit/test_addons_errors.gd" tests="13" failures="0" skipped="0" time="0.020289" >
      <testcase name="test_properui_modal_test_scene_not_critical" assertions="1" status="pass" classname="tests/unit/test_addons_errors.gd" time="0.005294" >
      </testcase>
      <testcase name="test_properui_toast_test_scene_not_critical" assertions="1" status="pass" classname="tests/unit/test_addons_errors.gd" time="0.010087" >
      </testcase>
      <testcase name="test_properui_modal_addon_exists" assertions="1" status="pass" classname="tests/unit/test_addons_errors.gd" time="0.000669" >
      </testcase>
      <testcase name="test_properui_toast_addon_exists" assertions="1" status="pass" classname="tests/unit/test_addons_errors.gd" time="0.000643" >
      </testcase>
      <testcase name="test_properui_modal_not_in_autoload" assertions="1" status="pass" classname="tests/unit/test_addons_errors.gd" time="0.000389" >
      </testcase>
      <testcase name="test_properui_toast_not_in_autoload" assertions="1" status="pass" classname="tests/unit/test_addons_errors.gd" time="0.000466" >
      </testcase>
      <testcase name="test_addon_errors_are_parse_errors_not_runtime" assertions="1" status="pass" classname="tests/unit/test_addons_errors.gd" time="0.000314" >
      </testcase>
      <testcase name="test_addon_test_scenes_not_in_game" assertions="1" status="pass" classname="tests/unit/test_addons_errors.gd" time="0.000286" >
      </testcase>
      <testcase name="test_regression_addon_errors_documented" assertions="1" status="pass" classname="tests/unit/test_addons_errors.gd" time="0.000316" >
      </testcase>
      <testcase name="test_unused_addon_test_scenes_should_be_disabled" assertions="1" status="pass" classname="tests/unit/test_addons_errors.gd" time="0.000349" >
      </testcase>
      <testcase name="test_project_loads_despite_addon_errors" assertions="2" status="pass" classname="tests/unit/test_addons_errors.gd" time="0.000555" >
      </testcase>
      <testcase name="test_game_runs_despite_addon_errors" assertions="2" status="pass" classname="tests/unit/test_addons_errors.gd" time="0.000537" >
      </testcase>
      <testcase name="test_addon_errors_have_documentation" assertions="1" status="pass" classname="tests/unit/test_addons_errors.gd" time="0.000384" >
      </testcase>
      </testsuite>
  <testsuite name="tests/unit/test_coin_system.gd" tests="17" failures="0" skipped="0" time="0.020852" >
      <testcase name="test_initial_coins_zero" assertions="1" status="pass" classname="tests/unit/test_coin_system.gd" time="0.000455" >
      </testcase>
      <testcase name="test_add_coins" assertions="1" status="pass" classname="tests/unit/test_coin_system.gd" time="0.000421" >
      </testcase>
      <testcase name="test_add_coins_multiple_times" assertions="1" status="pass" classname="tests/unit/test_coin_system.gd" time="0.000342" >
      </testcase>
      <testcase name="test_add_coins_emits_signal" assertions="1" status="pass" classname="tests/unit/test_coin_system.gd" time="0.000983" >
      </testcase>
      <testcase name="test_spend_coins_success" assertions="2" status="pass" classname="tests/unit/test_coin_system.gd" time="0.000588" >
      </testcase>
      <testcase name="test_spend_coins_failure" assertions="2" status="pass" classname="tests/unit/test_coin_system.gd" time="0.000525" >
      </testcase>
      <testcase name="test_spend_exact_amount" assertions="2" status="pass" classname="tests/unit/test_coin_system.gd" time="0.000471" >
      </testcase>
      <testcase name="test_add_zero_coins" assertions="1" status="pass" classname="tests/unit/test_coin_system.gd" time="0.000326" >
      </testcase>
      <testcase name="test_add_large_amount" assertions="1" status="pass" classname="tests/unit/test_coin_system.gd" time="0.00041" >
      </testcase>
      <testcase name="test_coin_scene_loads" assertions="1" status="pass" classname="tests/unit/test_coin_system.gd" time="0.01086" >
      </testcase>
      <testcase name="test_coin_instantiation" assertions="2" status="pass" classname="tests/unit/test_coin_system.gd" time="0.001346" >
      </testcase>
      <testcase name="test_coin_has_required_properties" assertions="3" status="pass" classname="tests/unit/test_coin_system.gd" time="0.00119" >
      </testcase>
      <testcase name="test_negative_coins_handled" assertions="1" status="pass" classname="tests/unit/test_coin_system.gd" time="0.000385" >
      </testcase>
      <testcase name="test_spend_zero_coins" assertions="2" status="pass" classname="tests/unit/test_coin_system.gd" time="0.000676" >
      </testcase>
      <testcase name="test_spend_negative_amount" assertions="1" status="pass" classname="tests/unit/test_coin_system.gd" time="0.000428" >
      </testcase>
      <testcase name="test_coin_collection_workflow" assertions="4" status="pass" classname="tests/unit/test_coin_system.gd" time="0.001028" >
      </testcase>
      <testcase name="test_multiple_enemies_coin_drops" assertions="1" status="pass" classname="tests/unit/test_coin_system.gd" time="0.000418" >
      </testcase>
      </testsuite>
  <testsuite name="tests/unit/test_damage_applier.gd" tests="23" failures="0" skipped="0" time="0.011168" >
      <testcase name="test_damage_applier_has_current_damage" assertions="1" status="pass" classname="tests/unit/test_damage_applier.gd" time="0.000364" >
      </testcase>
      <testcase name="test_damage_applier_has_base_damage" assertions="1" status="pass" classname="tests/unit/test_damage_applier.gd" time="0.000354" >
      </testcase>
      <testcase name="test_damage_applier_no_damage_property" assertions="2" status="pass" classname="tests/unit/test_damage_applier.gd" time="0.000551" >
      </testcase>
      <testcase name="test_regression_damage_property_bug" assertions="3" status="pass" classname="tests/unit/test_damage_applier.gd" time="0.000745" >
      </testcase>
      <testcase name="test_damage_applier_initializes" assertions="2" status="pass" classname="tests/unit/test_damage_applier.gd" time="0.000615" >
      </testcase>
      <testcase name="test_current_damage_equals_base_damage" assertions="1" status="pass" classname="tests/unit/test_damage_applier.gd" time="0.00043" >
      </testcase>
      <testcase name="test_damage_applier_is_active_default" assertions="1" status="pass" classname="tests/unit/test_damage_applier.gd" time="0.000372" >
      </testcase>
      <testcase name="test_set_current_damage" assertions="1" status="pass" classname="tests/unit/test_damage_applier.gd" time="0.000487" >
      </testcase>
      <testcase name="test_update_current_damage_with_bonus" assertions="1" status="pass" classname="tests/unit/test_damage_applier.gd" time="0.000483" >
      </testcase>
      <testcase name="test_base_damage_unchanging" assertions="1" status="pass" classname="tests/unit/test_damage_applier.gd" time="0.000422" >
      </testcase>
      <testcase name="test_enable_damage" assertions="1" status="pass" classname="tests/unit/test_damage_applier.gd" time="0.000368" >
      </testcase>
      <testcase name="test_disable_damage" assertions="1" status="pass" classname="tests/unit/test_damage_applier.gd" time="0.000344" >
      </testcase>
      <testcase name="test_enable_clears_hit_targets" assertions="1" status="pass" classname="tests/unit/test_damage_applier.gd" time="0.000427" >
      </testcase>
      <testcase name="test_disable_clears_hit_targets" assertions="1" status="pass" classname="tests/unit/test_damage_applier.gd" time="0.000421" >
      </testcase>
      <testcase name="test_update_damage_without_owner" assertions="1" status="pass" classname="tests/unit/test_damage_applier.gd" time="0.000406" >
      </testcase>
      <testcase name="test_damage_applied_signal_exists" assertions="1" status="pass" classname="tests/unit/test_damage_applier.gd" time="0.001008" >
      </testcase>
      <testcase name="test_correct_property_access_pattern" assertions="1" status="pass" classname="tests/unit/test_damage_applier.gd" time="0.000528" >
      </testcase>
      <testcase name="test_level_up_damage_bonus_pattern" assertions="2" status="pass" classname="tests/unit/test_damage_applier.gd" time="0.000652" >
      </testcase>
      <testcase name="test_zero_base_damage" assertions="1" status="pass" classname="tests/unit/test_damage_applier.gd" time="0.000391" >
      </testcase>
      <testcase name="test_negative_damage" assertions="1" status="pass" classname="tests/unit/test_damage_applier.gd" time="0.000411" >
      </testcase>
      <testcase name="test_large_damage_values" assertions="1" status="pass" classname="tests/unit/test_damage_applier.gd" time="0.000446" >
      </testcase>
      <testcase name="test_damage_applier_class_exists" assertions="1" status="pass" classname="tests/unit/test_damage_applier.gd" time="0.000446" >
      </testcase>
      <testcase name="test_damage_applier_extends_node" assertions="1" status="pass" classname="tests/unit/test_damage_applier.gd" time="0.000497" >
      </testcase>
      </testsuite>
  <testsuite name="tests/unit/test_metsys_integration.gd" tests="2" failures="1" skipped="0" time="0.001787" >
      <testcase name="test_map_data_paths_resolution" assertions="2" status="fail" classname="tests/unit/test_metsys_integration.gd" time="0.001386" >
      <failure message="failed"><![CDATA[Unexpected Errors:
      [1] <engine-0>Condition "!E" is true. Returning: nullptr
            at line -1]]></failure></testcase>
      <testcase name="test_metsys_object_registration_readiness" assertions="1" status="pass" classname="tests/unit/test_metsys_integration.gd" time="0.000401" >
      </testcase>
      </testsuite>
  <testsuite name="tests/unit/test_player_combat.gd" tests="8" failures="0" skipped="0" time="0.015174" >
      <testcase name="test_initialization" assertions="2" status="pass" classname="tests/unit/test_player_combat.gd" time="0.000963" >
      </testcase>
      <testcase name="test_perform_attack_triggers_cooldown" assertions="2" status="pass" classname="tests/unit/test_player_combat.gd" time="0.000858" >
      </testcase>
      <testcase name="test_hitbox_activation" assertions="3" status="pass" classname="tests/unit/test_player_combat.gd" time="0.001347" >
      </testcase>
      <testcase name="test_cooldown_mechanic" assertions="1" status="pass" classname="tests/unit/test_player_combat.gd" time="0.000544" >
      </testcase>
      <testcase name="test_slash_trail_set_direction" assertions="2" status="pass" classname="tests/unit/test_player_combat.gd" time="0.003205" >
      </testcase>
      <testcase name="test_direction_flipping" assertions="2" status="pass" classname="tests/unit/test_player_combat.gd" time="0.00068" >
      </testcase>
      <testcase name="test_attack_ends_after_animation" assertions="2" status="pass" classname="tests/unit/test_player_combat.gd" time="0.000641" >
      </testcase>
      <testcase name="test_damage_bonus_application" assertions="1" status="pass" classname="tests/unit/test_player_combat.gd" time="0.006936" >
      </testcase>
      </testsuite>
  <testsuite name="tests/unit/test_tutorial_manager.gd" tests="14" failures="0" skipped="0" time="0.065183" >
      <testcase name="test_tutorial_manager_initializes" assertions="1" status="pass" classname="tests/unit/test_tutorial_manager.gd" time="0.00917" >
      </testcase>
      <testcase name="test_initial_flags_false" assertions="5" status="pass" classname="tests/unit/test_tutorial_manager.gd" time="0.004755" >
      </testcase>
      <testcase name="test_player_attacked_shows_hint" assertions="2" status="pass" classname="tests/unit/test_tutorial_manager.gd" time="0.003948" >
      </testcase>
      <testcase name="test_player_attacked_only_once" assertions="1" status="pass" classname="tests/unit/test_tutorial_manager.gd" time="0.003543" >
      </testcase>
      <testcase name="test_enemy_died_first_kill" assertions="2" status="pass" classname="tests/unit/test_tutorial_manager.gd" time="0.00427" >
      </testcase>
      <testcase name="test_enemy_died_second_kill" assertions="1" status="pass" classname="tests/unit/test_tutorial_manager.gd" time="0.00482" >
      </testcase>
      <testcase name="test_player_leveled_up_shows_hint" assertions="1" status="pass" classname="tests/unit/test_tutorial_manager.gd" time="0.003579" >
      </testcase>
      <testcase name="test_reset_tutorial" assertions="5" status="pass" classname="tests/unit/test_tutorial_manager.gd" time="0.0046" >
      </testcase>
      <testcase name="test_tutorial_display_scene_loads" assertions="1" status="pass" classname="tests/unit/test_tutorial_manager.gd" time="0.004453" >
      </testcase>
      <testcase name="test_tutorial_display_instantiation" assertions="2" status="pass" classname="tests/unit/test_tutorial_manager.gd" time="0.00489" >
      </testcase>
      <testcase name="test_tutorial_display_has_hints" assertions="5" status="pass" classname="tests/unit/test_tutorial_manager.gd" time="0.004838" >
      </testcase>
      <testcase name="test_complete_tutorial_sequence" assertions="3" status="pass" classname="tests/unit/test_tutorial_manager.gd" time="0.004062" >
      </testcase>
      <testcase name="test_handles_null_display" assertions="2" status="pass" classname="tests/unit/test_tutorial_manager.gd" time="0.003805" >
      </testcase>
      <testcase name="test_each_hint_shows_only_once" assertions="2" status="pass" classname="tests/unit/test_tutorial_manager.gd" time="0.00445" >
      </testcase>
      </testsuite>
  <testsuite name="tests/unit/test_vfx_system.gd" tests="29" failures="0" skipped="0" time="0.083569" >
      <testcase name="test_slash_trail_scene_loads" assertions="1" status="pass" classname="tests/unit/test_vfx_system.gd" time="0.000768" >
      </testcase>
      <testcase name="test_hit_impact_scene_loads" assertions="1" status="pass" classname="tests/unit/test_vfx_system.gd" time="0.001634" >
      </testcase>
      <testcase name="test_death_particles_scene_loads" assertions="1" status="pass" classname="tests/unit/test_vfx_system.gd" time="0.001719" >
      </testcase>
      <testcase name="test_level_up_flash_scene_loads" assertions="1" status="pass" classname="tests/unit/test_vfx_system.gd" time="0.001878" >
      </testcase>
      <testcase name="test_level_up_particles_scene_loads" assertions="1" status="pass" classname="tests/unit/test_vfx_system.gd" time="0.001704" >
      </testcase>
      <testcase name="test_slash_trail_instantiation" assertions="3" status="pass" classname="tests/unit/test_vfx_system.gd" time="0.001208" >
      </testcase>
      <testcase name="test_hit_impact_instantiation" assertions="2" status="pass" classname="tests/unit/test_vfx_system.gd" time="0.001071" >
      </testcase>
      <testcase name="test_death_particles_instantiation" assertions="2" status="pass" classname="tests/unit/test_vfx_system.gd" time="0.001336" >
      </testcase>
      <testcase name="test_level_up_flash_instantiation" assertions="2" status="pass" classname="tests/unit/test_vfx_system.gd" time="0.001216" >
      </testcase>
      <testcase name="test_level_up_particles_instantiation" assertions="2" status="pass" classname="tests/unit/test_vfx_system.gd" time="0.000989" >
      </testcase>
      <testcase name="test_slash_trail_has_particles" assertions="2" status="pass" classname="tests/unit/test_vfx_system.gd" time="0.001004" >
      </testcase>
      <testcase name="test_hit_impact_has_particles" assertions="1" status="pass" classname="tests/unit/test_vfx_system.gd" time="0.000792" >
      </testcase>
      <testcase name="test_death_particles_has_particles" assertions="1" status="pass" classname="tests/unit/test_vfx_system.gd" time="0.000882" >
      </testcase>
      <testcase name="test_level_up_particles_has_particles" assertions="1" status="pass" classname="tests/unit/test_vfx_system.gd" time="0.000961" >
      </testcase>
      <testcase name="test_slash_trail_particle_count" assertions="2" status="pass" classname="tests/unit/test_vfx_system.gd" time="0.001058" >
      </testcase>
      <testcase name="test_hit_impact_particle_count" assertions="2" status="pass" classname="tests/unit/test_vfx_system.gd" time="0.000974" >
      </testcase>
      <testcase name="test_death_particles_particle_count" assertions="2" status="pass" classname="tests/unit/test_vfx_system.gd" time="0.001" >
      </testcase>
      <testcase name="test_level_up_particles_particle_count" assertions="2" status="pass" classname="tests/unit/test_vfx_system.gd" time="0.001144" >
      </testcase>
      <testcase name="test_slash_trail_auto_cleanup" assertions="1" status="pass" classname="tests/unit/test_vfx_system.gd" time="0.000882" >
      </testcase>
      <testcase name="test_hit_impact_auto_cleanup" assertions="1" status="pass" classname="tests/unit/test_vfx_system.gd" time="0.00079" >
      </testcase>
      <testcase name="test_death_particles_auto_cleanup" assertions="1" status="pass" classname="tests/unit/test_vfx_system.gd" time="0.001" >
      </testcase>
      <testcase name="test_level_up_flash_auto_cleanup" assertions="2" status="pass" classname="tests/unit/test_vfx_system.gd" time="0.001114" >
      </testcase>
      <testcase name="test_level_up_particles_auto_cleanup" assertions="1" status="pass" classname="tests/unit/test_vfx_system.gd" time="0.000876" >
      </testcase>
      <testcase name="test_slash_trail_set_direction" assertions="2" status="pass" classname="tests/unit/test_vfx_system.gd" time="0.001184" >
      </testcase>
      <testcase name="test_slash_trail_direction_right" assertions="4" status="pass" classname="tests/unit/test_vfx_system.gd" time="0.002592" >
      </testcase>
      <testcase name="test_slash_trail_direction_left" assertions="4" status="pass" classname="tests/unit/test_vfx_system.gd" time="0.002152" >
      </testcase>
      <testcase name="test_regression_slash_trail_angle_property" assertions="5" status="pass" classname="tests/unit/test_vfx_system.gd" time="0.002114" >
      </testcase>
      <testcase name="test_multiple_vfx_spawn" assertions="30" status="pass" classname="tests/unit/test_vfx_system.gd" time="0.016939" >
      </testcase>
      <testcase name="test_vfx_memory_cleanup" assertions="1" status="pass" classname="tests/unit/test_vfx_system.gd" time="0.032588" >
      </testcase>
      </testsuite>
  <testsuite name="tests/unit/test_xp_manager.gd" tests="18" failures="0" skipped="0" time="0.02199" >
      <testcase name="test_add_xp_increases_current_xp" assertions="1" status="pass" classname="tests/unit/test_xp_manager.gd" time="0.001391" >
      </testcase>
      <testcase name="test_add_xp_emits_signal" assertions="1" status="pass" classname="tests/unit/test_xp_manager.gd" time="0.001135" >
      </testcase>
      <testcase name="test_xp_percentage_calculation" assertions="1" status="pass" classname="tests/unit/test_xp_manager.gd" time="0.00093" >
      </testcase>
      <testcase name="test_level_up_at_100_xp" assertions="2" status="pass" classname="tests/unit/test_xp_manager.gd" time="0.001107" >
      </testcase>
      <testcase name="test_level_up_emits_signal" assertions="1" status="pass" classname="tests/unit/test_xp_manager.gd" time="0.001176" >
      </testcase>
      <testcase name="test_multiple_levels_at_once" assertions="2" status="pass" classname="tests/unit/test_xp_manager.gd" time="0.001088" >
      </testcase>
      <testcase name="test_xp_overflow_carried_over" assertions="2" status="pass" classname="tests/unit/test_xp_manager.gd" time="0.001133" >
      </testcase>
      <testcase name="test_hp_bonus_level_1" assertions="1" status="pass" classname="tests/unit/test_xp_manager.gd" time="0.00086" >
      </testcase>
      <testcase name="test_hp_bonus_level_2" assertions="1" status="pass" classname="tests/unit/test_xp_manager.gd" time="0.000943" >
      </testcase>
      <testcase name="test_hp_bonus_level_3" assertions="1" status="pass" classname="tests/unit/test_xp_manager.gd" time="0.001162" >
      </testcase>
      <testcase name="test_damage_bonus_level_1" assertions="1" status="pass" classname="tests/unit/test_xp_manager.gd" time="0.000906" >
      </testcase>
      <testcase name="test_damage_bonus_level_2" assertions="1" status="pass" classname="tests/unit/test_xp_manager.gd" time="0.001251" >
      </testcase>
      <testcase name="test_damage_bonus_level_5" assertions="1" status="pass" classname="tests/unit/test_xp_manager.gd" time="0.000988" >
      </testcase>
      <testcase name="test_xp_requirement_linear_scaling" assertions="3" status="pass" classname="tests/unit/test_xp_manager.gd" time="0.001258" >
      </testcase>
      <testcase name="test_zero_xp_gain" assertions="2" status="pass" classname="tests/unit/test_xp_manager.gd" time="0.001635" >
      </testcase>
      <testcase name="test_negative_xp_not_allowed" assertions="1" status="pass" classname="tests/unit/test_xp_manager.gd" time="0.00118" >
      </testcase>
      <testcase name="test_large_xp_gain" assertions="2" status="pass" classname="tests/unit/test_xp_manager.gd" time="0.001068" >
      </testcase>
      <testcase name="test_stat_bonuses_scale_with_levels" assertions="8" status="pass" classname="tests/unit/test_xp_manager.gd" time="0.002779" >
      </testcase>
      </testsuite>
  <testsuite name="tests/integration/test_combat_progression.gd" tests="17" failures="1" skipped="0" time="0.022348" >
      <testcase name="test_enemy_death_awards_xp" assertions="2" status="pass" classname="tests/integration/test_combat_progression.gd" time="0.001143" >
      </testcase>
      <testcase name="test_multiple_kills_accumulate_xp" assertions="2" status="pass" classname="tests/integration/test_combat_progression.gd" time="0.001097" >
      </testcase>
      <testcase name="test_four_kills_trigger_level_up" assertions="3" status="pass" classname="tests/integration/test_combat_progression.gd" time="0.001694" >
      </testcase>
      <testcase name="test_enemy_death_drops_coins" assertions="1" status="pass" classname="tests/integration/test_combat_progression.gd" time="0.000966" >
      </testcase>
      <testcase name="test_multiple_enemies_drop_coins" assertions="1" status="pass" classname="tests/integration/test_combat_progression.gd" time="0.000913" >
      </testcase>
      <testcase name="test_enemy_death_awards_both" assertions="2" status="pass" classname="tests/integration/test_combat_progression.gd" time="0.00111" >
      </testcase>
      <testcase name="test_complete_progression_loop" assertions="5" status="pass" classname="tests/integration/test_combat_progression.gd" time="0.00201" >
      </testcase>
      <testcase name="test_tank_enemy_progression" assertions="2" status="pass" classname="tests/integration/test_combat_progression.gd" time="0.001497" >
      </testcase>
      <testcase name="test_mixed_enemy_types" assertions="2" status="pass" classname="tests/integration/test_combat_progression.gd" time="0.001688" >
      </testcase>
      <testcase name="test_level_up_increases_stats" assertions="2" status="pass" classname="tests/integration/test_combat_progression.gd" time="0.001149" >
      </testcase>
      <testcase name="test_multiple_level_ups" assertions="3" status="pass" classname="tests/integration/test_combat_progression.gd" time="0.001249" >
      </testcase>
      <testcase name="test_realistic_combat_scenario" assertions="3" status="pass" classname="tests/integration/test_combat_progression.gd" time="0.001531" >
      </testcase>
      <testcase name="test_combat_with_coin_spending" assertions="3" status="fail" classname="tests/integration/test_combat_progression.gd" time="0.001489" >
      <failure message="failed"><![CDATA[[100] expected to equal [0]:  XP should wrap correctly
            at line 202]]></failure></testcase>
      <testcase name="test_level_up_with_overflow" assertions="1" status="pass" classname="tests/integration/test_combat_progression.gd" time="0.000931" >
      </testcase>
      <testcase name="test_zero_rewards" assertions="2" status="pass" classname="tests/integration/test_combat_progression.gd" time="0.001118" >
      </testcase>
      <testcase name="test_rapid_enemy_kills" assertions="2" status="pass" classname="tests/integration/test_combat_progression.gd" time="0.001498" >
      </testcase>
      <testcase name="test_boss_fight_simulation" assertions="3" status="pass" classname="tests/integration/test_combat_progression.gd" time="0.001265" >
      </testcase>
      </testsuite>
  </testsuites>